<?xml version="1.0" encoding="UTF-8"?>
<!-- Generated by org.testng.reporters.JUnitXMLReporter -->
<testsuite hostname="AL01121234" ignored="0" name="testngTest" tests="21" failures="1" timestamp="11 2ì›” 2019 09:40:50 GMT" time="273.471" errors="0">
  <testcase name="mod01_Login" time="5.152" classname="com.webtoons.test.Main"/>
  <testcase name="mod02_goDiscover" time="2.495" classname="com.webtoons.test.Main"/>
  <testcase name="mod1_upsideWordsCheck" time="1.937" classname="com.webtoons.test.UpsideModules"/>
  <testcase name="mod2_upsideWordsClick" time="10.103" classname="com.webtoons.test.UpsideModules"/>
  <testcase name="mod3_upsideBackToHome" time="1.448" classname="com.webtoons.test.UpsideModules"/>
  <testcase name="mod1_othersStartEventCheck" time="0.343" classname="com.webtoons.test.UpsideModulesSub"/>
  <testcase name="mod2_othersOptionEventCheck" time="2.833" classname="com.webtoons.test.UpsideModulesSub"/>
  <testcase name="mod3_othersBackToHome" time="3.387" classname="com.webtoons.test.UpsideModulesSub"/>
  <testcase name="mod1_homeHighLightCheck" time="1.639" classname="com.webtoons.test.RecommendModules"/>
  <testcase name="mod2_recommendTitleCheck" time="0.085" classname="com.webtoons.test.RecommendModules"/>
  <testcase name="mod1_titleCheck" time="0.082" classname="com.webtoons.test.WeeklyHotModules"/>
  <testcase name="mod2_titleGenreChange" time="17.016" classname="com.webtoons.test.WeeklyHotModules"/>
  <testcase name="mod1_titleCheck" time="0.131" classname="com.webtoons.test.PopularByGenre"/>
  <testcase name="mod2_titleGenreColorCheck" time="1.304" classname="com.webtoons.test.PopularByGenre"/>
  <testcase name="mod3_detailsCheck" time="105.735" classname="com.webtoons.test.PopularByGenre"/>
  <testcase name="mod1_detailInfoCheck" time="21.932" classname="com.webtoons.test.OtherPageTest"/>
  <testcase name="mod2_subNumPageConvertCheck" time="11.011" classname="com.webtoons.test.OtherPageTest"/>
  <testcase name="mod1_byGenrePanelCheck" time="32.452" classname="com.webtoons.test.ByGenrePanel"/>
  <testcase name="mod2_genreMatchCheck" time="7.209" classname="com.webtoons.test.ByGenrePanel">
    <failure type="org.openqa.selenium.StaleElementReferenceException" message="stale element reference: element is not attached to the page document
  (Session info: chrome=71.0.3578.98)
  (Driver info: chromedriver=2.45.615291 (ec3682e3c9061c10f26ea9e5cdcf3c53f3f74387),platform=Windows NT 10.0.17134 x86_64) (WARNING: The server did not provide any stacktrace information)
Command duration or timeout: 0 milliseconds
For documentation on this error, please visit: https://www.seleniumhq.org/exceptions/stale_element_reference.html
Build info: version: &amp;apos;3.141.59&amp;apos;, revision: &amp;apos;e82be7d358&amp;apos;, time: &amp;apos;2018-11-14T08:25:53&amp;apos;
System info: host: &amp;apos;AL01121234&amp;apos;, ip: &amp;apos;10.12.52.76&amp;apos;, os.name: &amp;apos;Windows 10&amp;apos;, os.arch: &amp;apos;amd64&amp;apos;, os.version: &amp;apos;10.0&amp;apos;, java.version: &amp;apos;1.8.0_191&amp;apos;
Driver info: org.openqa.selenium.chrome.ChromeDriver
Capabilities {acceptInsecureCerts: false, acceptSslCerts: false, applicationCacheEnabled: false, browserConnectionEnabled: false, browserName: chrome, chrome: {chromedriverVersion: 2.45.615291 (ec3682e3c9061c..., userDataDir: C:\Users\USER\AppData\Local...}, cssSelectorsEnabled: true, databaseEnabled: false, goog:chromeOptions: {debuggerAddress: localhost:52852}, handlesAlerts: true, hasTouchScreen: false, javascriptEnabled: true, locationContextEnabled: true, mobileEmulationEnabled: false, nativeEvents: true, networkConnectionEnabled: false, pageLoadStrategy: normal, platform: XP, platformName: XP, proxy: Proxy(), rotatable: false, setWindowRect: true, strictFileInteractability: false, takesHeapSnapshot: true, takesScreenshot: true, timeouts: {implicit: 0, pageLoad: 300000, script: 30000}, unexpectedAlertBehaviour: ignore, unhandledPromptBehavior: ignore, version: 71.0.3578.98, webStorageEnabled: true}
Session ID: 1350d2a2e36bf779c9883b4cd3325563">
      <![CDATA[org.openqa.selenium.StaleElementReferenceException: stale element reference: element is not attached to the page document
  (Session info: chrome=71.0.3578.98)
  (Driver info: chromedriver=2.45.615291 (ec3682e3c9061c10f26ea9e5cdcf3c53f3f74387),platform=Windows NT 10.0.17134 x86_64) (WARNING: The server did not provide any stacktrace information)
Command duration or timeout: 0 milliseconds
For documentation on this error, please visit: https://www.seleniumhq.org/exceptions/stale_element_reference.html
Build info: version: '3.141.59', revision: 'e82be7d358', time: '2018-11-14T08:25:53'
System info: host: 'AL01121234', ip: '10.12.52.76', os.name: 'Windows 10', os.arch: 'amd64', os.version: '10.0', java.version: '1.8.0_191'
Driver info: org.openqa.selenium.chrome.ChromeDriver
Capabilities {acceptInsecureCerts: false, acceptSslCerts: false, applicationCacheEnabled: false, browserConnectionEnabled: false, browserName: chrome, chrome: {chromedriverVersion: 2.45.615291 (ec3682e3c9061c..., userDataDir: C:\Users\USER\AppData\Local...}, cssSelectorsEnabled: true, databaseEnabled: false, goog:chromeOptions: {debuggerAddress: localhost:52852}, handlesAlerts: true, hasTouchScreen: false, javascriptEnabled: true, locationContextEnabled: true, mobileEmulationEnabled: false, nativeEvents: true, networkConnectionEnabled: false, pageLoadStrategy: normal, platform: XP, platformName: XP, proxy: Proxy(), rotatable: false, setWindowRect: true, strictFileInteractability: false, takesHeapSnapshot: true, takesScreenshot: true, timeouts: {implicit: 0, pageLoad: 300000, script: 30000}, unexpectedAlertBehaviour: ignore, unhandledPromptBehavior: ignore, version: 71.0.3578.98, webStorageEnabled: true}
Session ID: 1350d2a2e36bf779c9883b4cd3325563
at org.openqa.selenium.remote.ErrorHandler.createThrowable(ErrorHandler.java:214)
at org.openqa.selenium.remote.ErrorHandler.throwIfResponseFailed(ErrorHandler.java:166)
at org.openqa.selenium.remote.http.JsonHttpResponseCodec.reconstructValue(JsonHttpResponseCodec.java:40)
at org.openqa.selenium.remote.http.AbstractHttpResponseCodec.decode(AbstractHttpResponseCodec.java:80)
at org.openqa.selenium.remote.http.AbstractHttpResponseCodec.decode(AbstractHttpResponseCodec.java:44)
at org.openqa.selenium.remote.HttpCommandExecutor.execute(HttpCommandExecutor.java:158)
at org.openqa.selenium.remote.service.DriverCommandExecutor.execute(DriverCommandExecutor.java:83)
at org.openqa.selenium.remote.RemoteWebDriver.execute(RemoteWebDriver.java:552)
at org.openqa.selenium.remote.RemoteWebElement.execute(RemoteWebElement.java:285)
at org.openqa.selenium.remote.RemoteWebElement.isDisplayed(RemoteWebElement.java:326)
at com.webtoons.test.ByGenrePanel.mod2_genreMatchCheck(ByGenrePanel.java:115)
... Removed 29 stack frames]]>
    </failure>
  </testcase> <!-- mod2_genreMatchCheck -->
  <testcase name="mod1_byRatingsPanelCheck" time="33.034" classname="com.webtoons.test.ByRatingPanel"/>
  <testcase name="finish" time="0.298" classname="com.webtoons.test.TestingFinish"/>
</testsuite> <!-- testngTest -->
